1724562556324:a
1724562604508:add -f petya -l murka -a 38
1724562634627:r
1724562643662:ga
1724562659803:add -f petya -l murka -a 38
1724562667835:ga
1724562705047:a -f sasha -l fatey -a 45
1724562711085:ga
1724563983808:a -f petya -l murka -a 48
1724564011987:a -f sasha -l fatey -a 51
1724564018028:ga
1724564155905:a -f petro -l murka -a 51
1724564186076:a -f shura -l fatey -a 43
1724564191109:ga
1724564297199:add -f petya -l murka -a 38
1724564315369:add -f shura -l fatey -a 41
1724564319405:ga
1724564374695:d -id 1
1724564436116:d id 1
1724564468471:add -f petya -l murka -a 38
1724564494652:a -f fat -l alko -a 45
1724564501696:ga
1724564540879:d -id 1
1724564554935:d --id 1
1724564728777:add -f petya -l murka -a 38
1724564784029:d -i 1
1724564793083:add -f petya -l murka -a 38
1724564806160:r
1724567382991:ga
